<?xml version="1.0" encoding="UTF-8"?>
<testsuite name="ohtuesimerkki.StatisticsTest" tests="6" skipped="0" failures="0" errors="0" timestamp="2018-11-04T13:12:55" hostname="lx7-fuxi220" time="0.004">
  <properties/>
  <testcase name="olematontaPelaajaEtsieassaPalautetaanNull" classname="ohtuesimerkki.StatisticsTest" time="0.003"/>
  <testcase name="palautetaanOikeaListaJosOnPelaajia" classname="ohtuesimerkki.StatisticsTest" time="0.0"/>
  <testcase name="palautettaanOikeaTopScoreYhdella" classname="ohtuesimerkki.StatisticsTest" time="0.0"/>
  <testcase name="palautetaanTyhjaListaJosEiOlePelaajia" classname="ohtuesimerkki.StatisticsTest" time="0.0"/>
  <testcase name="palautettaanTyhjaListaVirheellisellaTopScoreHaulla" classname="ohtuesimerkki.StatisticsTest" time="0.0"/>
  <testcase name="etsiessaPalautetaanOikeaPelaaja" classname="ohtuesimerkki.StatisticsTest" time="0.0"/>
  <system-out><![CDATA[]]></system-out>
  <system-err><![CDATA[]]></system-err>
</testsuite>
