<?xml version="1.0" encoding="UTF-8"?>
<testsuite name="Scenario: creation is successful with valid username and password" tests="4" skipped="0" failures="0" errors="0" timestamp="2018-11-18T19:19:18" hostname="lx7-fuxi220" time="0.002">
  <properties/>
  <testcase name="Given command new is selected" classname="Scenario: creation is successful with valid username and password" time="0.0"/>
  <testcase name="When username &quot;jaakko&quot; and password &quot;12345678!&quot; are entered" classname="Scenario: creation is successful with valid username and password" time="0.0"/>
  <testcase name="Then system will respond with &quot;new user registered&quot;" classname="Scenario: creation is successful with valid username and password" time="0.001"/>
  <testcase name="classMethod" classname="Scenario: creation is successful with valid username and password" time="0.002"/>
  <system-out><![CDATA[]]></system-out>
  <system-err><![CDATA[]]></system-err>
</testsuite>
