<?xml version="1.0" encoding="UTF-8"?>
<testsuite name="Scenario: creation fails with too short username and valid password" tests="4" skipped="0" failures="0" errors="0" timestamp="2018-11-18T19:19:18" hostname="lx7-fuxi220" time="0.001">
  <properties/>
  <testcase name="Given command new is selected" classname="Scenario: creation fails with too short username and valid password" time="0.0"/>
  <testcase name="When username &quot;j&quot; and password &quot;12345678!&quot; are entered" classname="Scenario: creation fails with too short username and valid password" time="0.0"/>
  <testcase name="Then system will respond with &quot;new user not registered&quot;" classname="Scenario: creation fails with too short username and valid password" time="0.0"/>
  <testcase name="classMethod" classname="Scenario: creation fails with too short username and valid password" time="0.002"/>
  <system-out><![CDATA[
  Scenario: creation fails with already taken username and valid password ?[90m# ohtu/new_user.feature:8?[0m
    ?[32mGiven ?[0m?[32mcommand new is selected?[0m                                         ?[90m# Stepdefs.command_new_selected()?[0m
    ?[32mWhen ?[0m?[32musername "?[0m?[32m?[1mjaakko?[0m?[32m" and password "?[0m?[32m?[1m12345678!?[0m?[32m" are entered?[0m           ?[90m# Stepdefs.a_username_and_password_are_entered(String,String)?[0m
    ?[32mAnd ?[0m?[32musername "?[0m?[32m?[1mjakkoo?[0m?[32m" and password "?[0m?[32m?[1m12345678!?[0m?[32m" are entered?[0m            ?[90m# Stepdefs.a_username_and_password_are_entered(String,String)?[0m
    ?[32mThen ?[0m?[32msystem will respond with "?[0m?[32m?[1mnew user not registered?[0m?[32m"?[0m               ?[90m# Stepdefs.system_will_respond_with(String)?[0m
]]></system-out>
  <system-err><![CDATA[]]></system-err>
</testsuite>
